C:\Program Files (x86)\Microsoft Visual Studio\2019\Community\MSBuild\Microsoft\VC\v160\Microsoft.CppBuild.targets(504,5): warning MSB8004: Intermediate 目录未以斜杠结尾。  此生成实例将添加斜杠，因为必须有这个斜杠才能正确计算 Intermediate 目录。
C:\Program Files (x86)\Microsoft Visual Studio\2019\Community\MSBuild\Microsoft\VC\v160\Microsoft.CppBuild.targets(505,5): warning MSB8004: Output 目录未以斜杠结尾。  此生成实例将添加斜杠，因为必须有这个斜杠才能正确计算 Output 目录。
  Alloctor.cpp
E:\Project\myproject\Server\Socket\HelloSocket\HelloMemory\MemoryMgr.h(87,3): warning C4477: “printf”: 格式字符串“%llx”需要类型“unsigned __int64”的参数，但可变参数 1 拥有了类型“MemoryBlock *”
E:\Project\myproject\Server\Socket\HelloSocket\HelloMemory\MemoryMgr.h(87,3): warning C4313: “printf”: 格式字符串中的“%x”与“MemoryBlock *”类型的参数 1 冲突
E:\Project\myproject\Server\Socket\HelloSocket\HelloMemory\MemoryMgr.h(219,4): warning C4477: “printf”: 格式字符串“%llx”需要类型“unsigned __int64”的参数，但可变参数 1 拥有了类型“MemoryBlock *”
E:\Project\myproject\Server\Socket\HelloSocket\HelloMemory\MemoryMgr.h(219,4): warning C4313: “printf”: 格式字符串中的“%x”与“MemoryBlock *”类型的参数 1 冲突
E:\Project\myproject\Server\Socket\HelloSocket\HelloMemory\MemoryMgr.h(229,3): warning C4477: “printf”: 格式字符串“%llx”需要类型“unsigned __int64”的参数，但可变参数 1 拥有了类型“MemoryBlock *”
E:\Project\myproject\Server\Socket\HelloSocket\HelloMemory\MemoryMgr.h(229,3): warning C4313: “printf”: 格式字符串中的“%x”与“MemoryBlock *”类型的参数 1 冲突
  main.cpp
E:\Project\myproject\Server\Socket\HelloSocket\HelloMemory\CELLObjectPool.hpp(95,3): warning C4477: “printf”: 格式字符串“%llx”需要类型“unsigned __int64”的参数，但可变参数 1 拥有了类型“CELLObjectPool<Type,100000>::NodeHeader *”
          with
          [
              Type=ClassA
          ]
E:\Project\myproject\Server\Socket\HelloSocket\HelloMemory\CELLObjectPool.hpp(76): message : 在编译 类 模板 成员函数“void *CELLObjectPool<Type,100000>::allocObjMemory(size_t)”时
          with
          [
              Type=ClassA
          ]
E:\Project\myproject\Server\Socket\HelloSocket\HelloMemory\CELLObjectPool.hpp(146): message : 查看对正在编译的函数 模板 实例化“void *CELLObjectPool<Type,100000>::allocObjMemory(size_t)”的引用
          with
          [
              Type=ClassA
          ]
E:\Project\myproject\Server\Socket\HelloSocket\HelloMemory\CELLObjectPool.hpp(151): message : 查看对正在编译的 类 模板 实例化“CELLObjectPool<Type,100000>”的引用
          with
          [
              Type=ClassA
          ]
E:\Project\myproject\Server\Socket\HelloSocket\HelloMemory\CELLObjectPool.hpp(150): message : 在编译 类 模板 成员函数“void ObjectPoolBase<ClassA,100000>::operator delete(void *)”时
E:\Project\myproject\Server\Socket\HelloSocket\HelloMemory\main.cpp(147): message : 查看对正在编译的函数 模板 实例化“void ObjectPoolBase<ClassA,100000>::operator delete(void *)”的引用
E:\Project\myproject\Server\Socket\HelloSocket\HelloMemory\main.cpp(13): message : 查看对正在编译的 类 模板 实例化“ObjectPoolBase<ClassA,100000>”的引用
E:\Project\myproject\Server\Socket\HelloSocket\HelloMemory\CELLObjectPool.hpp(95,3): warning C4313: “printf”: 格式字符串中的“%x”与“CELLObjectPool<Type,100000>::NodeHeader *”类型的参数 1 冲突
          with
          [
              Type=ClassA
          ]
E:\Project\myproject\Server\Socket\HelloSocket\HelloMemory\CELLObjectPool.hpp(54,3): warning C4477: “printf”: 格式字符串“%llx”需要类型“unsigned __int64”的参数，但可变参数 1 拥有了类型“CELLObjectPool<Type,100000>::NodeHeader *”
          with
          [
              Type=ClassA
          ]
E:\Project\myproject\Server\Socket\HelloSocket\HelloMemory\CELLObjectPool.hpp(52): message : 在编译 类 模板 成员函数“void CELLObjectPool<Type,100000>::freeObjMemory(void *)”时
          with
          [
              Type=ClassA
          ]
E:\Project\myproject\Server\Socket\HelloSocket\HelloMemory\CELLObjectPool.hpp(151): message : 查看对正在编译的函数 模板 实例化“void CELLObjectPool<Type,100000>::freeObjMemory(void *)”的引用
          with
          [
              Type=ClassA
          ]
E:\Project\myproject\Server\Socket\HelloSocket\HelloMemory\CELLObjectPool.hpp(54,3): warning C4313: “printf”: 格式字符串中的“%x”与“CELLObjectPool<Type,100000>::NodeHeader *”类型的参数 1 冲突
          with
          [
              Type=ClassA
          ]
  正在生成代码...
  HelloMemory.vcxproj -> E:\Project\myproject\Server\Socket\bin\Win32\Debug\HelloMemory.exe
